{
  "stats": {
    "suites": 2,
    "tests": 4,
    "passes": 4,
    "pending": 0,
    "failures": 0,
    "testsRegistered": 4,
    "passPercent": 100,
    "pendingPercent": 0,
    "other": 0,
    "hasOther": false,
    "skipped": 0,
    "hasSkipped": false,
    "start": "2026-02-02T08:32:43.044Z",
    "end": "2026-02-02T08:37:40.671Z",
    "duration": 297627
  },
  "results": [
    {
      "uuid": "770325c1-aeec-4f44-bd5d-6425521b2a10",
      "title": "",
      "fullFile": "cypress\\e2e\\signup.cy.js",
      "file": "cypress\\e2e\\signup.cy.js",
      "beforeHooks": [],
      "afterHooks": [],
      "tests": [],
      "suites": [
        {
          "uuid": "7bdd0e51-1ff2-48a8-93ae-e81f94d2d727",
          "title": "Registro en el sistema",
          "fullFile": "",
          "file": "",
          "beforeHooks": [],
          "afterHooks": [],
          "tests": [
            {
              "title": "Crear un nuevo usuario",
              "fullTitle": "Registro en el sistema Crear un nuevo usuario",
              "timedOut": null,
              "duration": 270,
              "state": "passed",
              "speed": "fast",
              "pass": true,
              "fail": false,
              "pending": false,
              "context": null,
              "code": "const user = 'user' + Math.floor(Math.random() * 1000000);\nconst password = 'pass' + Math.floor(Math.random() * 1000000);\ncy.request({\n  method: 'POST',\n  url: 'https://api.demoblaze.com/signup',\n  headers: {\n    'Content-Type': 'application/json'\n  },\n  body: {\n    username: user,\n    password: password\n  }\n}).then(response => {\n  expect(response.status).to.equal(200);\n});",
              "err": {},
              "uuid": "97a01ee7-d884-4275-85bb-16a47746b5b5",
              "parentUUID": "7bdd0e51-1ff2-48a8-93ae-e81f94d2d727",
              "isHook": false,
              "skipped": false
            },
            {
              "title": "Crear un usuario ya existente",
              "fullTitle": "Registro en el sistema Crear un usuario ya existente",
              "timedOut": null,
              "duration": 640,
              "state": "passed",
              "speed": "fast",
              "pass": true,
              "fail": false,
              "pending": false,
              "context": null,
              "code": "cy.fixture('validUser').then(users => {\n  users.forEach(user => {\n    cy.request({\n      method: 'POST',\n      url: 'https://api.demoblaze.com/signup',\n      headers: {\n        'Content-Type': 'application/json'\n      },\n      body: {\n        username: user.username,\n        password: user.password\n      }\n    }).then(response => {\n      expect(response.status).to.equal(200);\n      expect(response.body).to.have.property('errorMessage', 'This user already exist.');\n    });\n  });\n});",
              "err": {},
              "uuid": "6e9b6f15-2dda-4ee1-ac6b-8640a864843e",
              "parentUUID": "7bdd0e51-1ff2-48a8-93ae-e81f94d2d727",
              "isHook": false,
              "skipped": false
            }
          ],
          "suites": [],
          "passes": [
            "97a01ee7-d884-4275-85bb-16a47746b5b5",
            "6e9b6f15-2dda-4ee1-ac6b-8640a864843e"
          ],
          "failures": [],
          "pending": [],
          "skipped": [],
          "duration": 910,
          "root": false,
          "rootEmpty": false,
          "_timeout": 2000
        }
      ],
      "passes": [],
      "failures": [],
      "pending": [],
      "skipped": [],
      "duration": 0,
      "root": true,
      "rootEmpty": true,
      "_timeout": 2000
    },
    {
      "uuid": "ff6d96c3-d425-4a35-a941-43538db84b63",
      "title": "",
      "fullFile": "cypress\\e2e\\signup.cy.js",
      "file": "cypress\\e2e\\signup.cy.js",
      "beforeHooks": [],
      "afterHooks": [],
      "tests": [],
      "suites": [
        {
          "uuid": "70dc8084-f65c-4702-a3f3-3bf666feb3bb",
          "title": "Registro en el sistema",
          "fullFile": "",
          "file": "",
          "beforeHooks": [],
          "afterHooks": [],
          "tests": [
            {
              "title": "Crear un nuevo usuario",
              "fullTitle": "Registro en el sistema Crear un nuevo usuario",
              "timedOut": null,
              "duration": 268,
              "state": "passed",
              "speed": "fast",
              "pass": true,
              "fail": false,
              "pending": false,
              "context": null,
              "code": "const user = 'user' + Math.floor(Math.random() * 1000000);\nconst password = 'pass' + Math.floor(Math.random() * 1000000);\ncy.request({\n  method: 'POST',\n  url: 'https://api.demoblaze.com/signup',\n  headers: {\n    'Content-Type': 'application/json'\n  },\n  body: {\n    username: user,\n    password: password\n  }\n}).then(response => {\n  expect(response.status).to.equal(200);\n});",
              "err": {},
              "uuid": "d4fd90b5-6996-4880-bfcf-854a8965ddb7",
              "parentUUID": "70dc8084-f65c-4702-a3f3-3bf666feb3bb",
              "isHook": false,
              "skipped": false
            },
            {
              "title": "Crear un usuario ya existente",
              "fullTitle": "Registro en el sistema Crear un usuario ya existente",
              "timedOut": null,
              "duration": 613,
              "state": "passed",
              "speed": "fast",
              "pass": true,
              "fail": false,
              "pending": false,
              "context": null,
              "code": "cy.fixture('validUser').then(users => {\n  users.forEach(user => {\n    cy.request({\n      method: 'POST',\n      url: 'https://api.demoblaze.com/signup',\n      headers: {\n        'Content-Type': 'application/json'\n      },\n      body: {\n        username: user.username,\n        password: user.password\n      }\n    }).then(response => {\n      expect(response.status).to.equal(200);\n      expect(response.body).to.have.property('errorMessage', 'This user already exist.');\n    });\n  });\n});",
              "err": {},
              "uuid": "2bf1175d-24c4-4247-a04b-d6d8d66a31e0",
              "parentUUID": "70dc8084-f65c-4702-a3f3-3bf666feb3bb",
              "isHook": false,
              "skipped": false
            }
          ],
          "suites": [],
          "passes": [
            "d4fd90b5-6996-4880-bfcf-854a8965ddb7",
            "2bf1175d-24c4-4247-a04b-d6d8d66a31e0"
          ],
          "failures": [],
          "pending": [],
          "skipped": [],
          "duration": 881,
          "root": false,
          "rootEmpty": false,
          "_timeout": 2000
        }
      ],
      "passes": [],
      "failures": [],
      "pending": [],
      "skipped": [],
      "duration": 0,
      "root": true,
      "rootEmpty": true,
      "_timeout": 2000
    }
  ],
  "meta": {
    "mocha": {
      "version": "7.2.0"
    },
    "mochawesome": {
      "options": {
        "quiet": false,
        "reportFilename": "mochawesome",
        "saveHtml": false,
        "saveJson": true,
        "consoleReporter": "spec",
        "useInlineDiffs": false,
        "code": true
      },
      "version": "7.1.4"
    },
    "marge": {
      "options": {
        "reportDir": "cypress/reports/json",
        "overwrite": false,
        "html": false,
        "json": true
      },
      "version": "6.3.2"
    }
  }
}