{
  "stats": {
    "suites": 1,
    "tests": 2,
    "passes": 2,
    "pending": 0,
    "failures": 0,
    "testsRegistered": 2,
    "passPercent": 100,
    "pendingPercent": 0,
    "other": 0,
    "hasOther": false,
    "skipped": 0,
    "hasSkipped": false,
    "start": "2026-02-02T09:27:06.485Z",
    "end": "2026-02-02T09:27:07.361Z",
    "duration": 876
  },
  "results": [
    {
      "uuid": "b878b432-b49c-49e3-b541-ce431493194b",
      "title": "",
      "fullFile": "cypress\\e2e\\signup.cy.js",
      "file": "cypress\\e2e\\signup.cy.js",
      "beforeHooks": [],
      "afterHooks": [],
      "tests": [],
      "suites": [
        {
          "uuid": "857dd4dd-a13a-4f87-97d3-8e9f336ed6d6",
          "title": "Registro en el sistema",
          "fullFile": "",
          "file": "",
          "beforeHooks": [],
          "afterHooks": [],
          "tests": [
            {
              "title": "Crear un nuevo usuario",
              "fullTitle": "Registro en el sistema Crear un nuevo usuario",
              "timedOut": null,
              "duration": 255,
              "state": "passed",
              "speed": "fast",
              "pass": true,
              "fail": false,
              "pending": false,
              "context": null,
              "code": "const user = 'user' + Math.floor(Math.random() * 1000000);\nconst password = 'pass' + Math.floor(Math.random() * 1000000);\ncy.request({\n  method: 'POST',\n  url: 'https://api.demoblaze.com/signup',\n  headers: {\n    'Content-Type': 'application/json'\n  },\n  body: {\n    username: user,\n    password: password\n  }\n}).then(response => {\n  expect(response.status).to.equal(200);\n});",
              "err": {},
              "uuid": "428a1b64-9f80-4875-b3a8-32a0f65d7d24",
              "parentUUID": "857dd4dd-a13a-4f87-97d3-8e9f336ed6d6",
              "isHook": false,
              "skipped": false
            },
            {
              "title": "Crear un usuario ya existente",
              "fullTitle": "Registro en el sistema Crear un usuario ya existente",
              "timedOut": null,
              "duration": 600,
              "state": "passed",
              "speed": "fast",
              "pass": true,
              "fail": false,
              "pending": false,
              "context": null,
              "code": "cy.fixture('validUser').then(users => {\n  users.forEach(user => {\n    cy.request({\n      method: 'POST',\n      url: 'https://api.demoblaze.com/signup',\n      headers: {\n        'Content-Type': 'application/json'\n      },\n      body: {\n        username: user.username,\n        password: user.password\n      }\n    }).then(response => {\n      expect(response.status).to.equal(200);\n      expect(response.body).to.have.property('errorMessage', 'This user already exist.');\n    });\n  });\n});",
              "err": {},
              "uuid": "7c1bea9c-05d3-4a34-b11f-607eb72e1caf",
              "parentUUID": "857dd4dd-a13a-4f87-97d3-8e9f336ed6d6",
              "isHook": false,
              "skipped": false
            }
          ],
          "suites": [],
          "passes": [
            "428a1b64-9f80-4875-b3a8-32a0f65d7d24",
            "7c1bea9c-05d3-4a34-b11f-607eb72e1caf"
          ],
          "failures": [],
          "pending": [],
          "skipped": [],
          "duration": 855,
          "root": false,
          "rootEmpty": false,
          "_timeout": 2000
        }
      ],
      "passes": [],
      "failures": [],
      "pending": [],
      "skipped": [],
      "duration": 0,
      "root": true,
      "rootEmpty": true,
      "_timeout": 2000
    }
  ],
  "meta": {
    "mocha": {
      "version": "7.2.0"
    },
    "mochawesome": {
      "options": {
        "quiet": false,
        "reportFilename": "mochawesome",
        "saveHtml": false,
        "saveJson": true,
        "consoleReporter": "spec",
        "useInlineDiffs": false,
        "code": true
      },
      "version": "7.1.4"
    },
    "marge": {
      "options": {
        "reportDir": "cypress/reports/json",
        "overwrite": true,
        "html": false,
        "json": true
      },
      "version": "6.3.2"
    }
  }
}