{
  "stats": {
    "suites": 1,
    "tests": 2,
    "passes": 2,
    "pending": 0,
    "failures": 0,
    "start": "2026-02-02T12:04:25.307Z",
    "end": "2026-02-02T12:04:26.100Z",
    "duration": 793,
    "testsRegistered": 2,
    "passPercent": 100,
    "pendingPercent": 0,
    "other": 0,
    "hasOther": false,
    "skipped": 0,
    "hasSkipped": false
  },
  "results": [
    {
      "uuid": "ed198ecf-8cb0-4f3c-b277-8821d194c4b1",
      "title": "",
      "fullFile": "cypress\\e2e\\signup.cy.js",
      "file": "cypress\\e2e\\signup.cy.js",
      "beforeHooks": [],
      "afterHooks": [],
      "tests": [],
      "suites": [
        {
          "uuid": "61c88800-5d22-4aa0-ab0d-6f95220938ec",
          "title": "Registro en el sistema",
          "fullFile": "",
          "file": "",
          "beforeHooks": [],
          "afterHooks": [],
          "tests": [
            {
              "title": "Crear un nuevo usuario",
              "fullTitle": "Registro en el sistema Crear un nuevo usuario",
              "timedOut": null,
              "duration": 232,
              "state": "passed",
              "speed": "fast",
              "pass": true,
              "fail": false,
              "pending": false,
              "context": null,
              "code": "const user = 'user' + Math.floor(Math.random() * 1000000);\nconst password = 'pass' + Math.floor(Math.random() * 1000000);\ncy.request({\n  method: 'POST',\n  url: 'https://api.demoblaze.com/signup',\n  headers: {\n    'Content-Type': 'application/json'\n  },\n  body: {\n    username: user,\n    password: password\n  }\n}).then(response => {\n  expect(response.status).to.equal(200);\n});",
              "err": {},
              "uuid": "1cb40b31-ce71-47d0-a35c-335c32e1e3d2",
              "parentUUID": "61c88800-5d22-4aa0-ab0d-6f95220938ec",
              "isHook": false,
              "skipped": false
            },
            {
              "title": "Crear un usuario ya existente",
              "fullTitle": "Registro en el sistema Crear un usuario ya existente",
              "timedOut": null,
              "duration": 526,
              "state": "passed",
              "speed": "fast",
              "pass": true,
              "fail": false,
              "pending": false,
              "context": null,
              "code": "cy.fixture('validUser').then(users => {\n  users.forEach(user => {\n    cy.request({\n      method: 'POST',\n      url: 'https://api.demoblaze.com/signup',\n      headers: {\n        'Content-Type': 'application/json'\n      },\n      body: {\n        username: user.username,\n        password: user.password\n      }\n    }).then(response => {\n      expect(response.status).to.equal(200);\n      expect(response.body).to.have.property('errorMessage', 'This user already exist.');\n    });\n  });\n});",
              "err": {},
              "uuid": "6ab42e27-177b-4668-918a-20c053fb9762",
              "parentUUID": "61c88800-5d22-4aa0-ab0d-6f95220938ec",
              "isHook": false,
              "skipped": false
            }
          ],
          "suites": [],
          "passes": [
            "1cb40b31-ce71-47d0-a35c-335c32e1e3d2",
            "6ab42e27-177b-4668-918a-20c053fb9762"
          ],
          "failures": [],
          "pending": [],
          "skipped": [],
          "duration": 758,
          "root": false,
          "rootEmpty": false,
          "_timeout": 2000
        }
      ],
      "passes": [],
      "failures": [],
      "pending": [],
      "skipped": [],
      "duration": 0,
      "root": true,
      "rootEmpty": true,
      "_timeout": 2000
    }
  ],
  "meta": {
    "mocha": {
      "version": "7.2.0"
    },
    "mochawesome": {
      "options": {
        "quiet": false,
        "reportFilename": "mochawesome",
        "saveHtml": false,
        "saveJson": true,
        "consoleReporter": "spec",
        "useInlineDiffs": false,
        "code": true
      },
      "version": "7.1.4"
    },
    "marge": {
      "options": {
        "reportDir": "cypress/reports/json",
        "overwrite": true,
        "html": false,
        "json": true
      },
      "version": "6.3.2"
    }
  }
}