{
  "stats": {
    "suites": 1,
    "tests": 4,
    "passes": 4,
    "pending": 0,
    "failures": 0,
    "start": "2026-04-01T05:51:32.213Z",
    "end": "2026-04-01T05:51:33.640Z",
    "duration": 1427,
    "testsRegistered": 4,
    "passPercent": 100,
    "pendingPercent": 0,
    "other": 0,
    "hasOther": false,
    "skipped": 0,
    "hasSkipped": false
  },
  "results": [
    {
      "uuid": "07f20670-eae0-4980-86b2-3c107aee6548",
      "title": "",
      "fullFile": "cypress\\e2e\\login.cy.js",
      "file": "cypress\\e2e\\login.cy.js",
      "beforeHooks": [],
      "afterHooks": [],
      "tests": [],
      "suites": [
        {
          "uuid": "7b4b3c1a-23fc-4c95-8847-e8974bb2d2b7",
          "title": "Ingreso en el sistema",
          "fullFile": "",
          "file": "",
          "beforeHooks": [],
          "afterHooks": [],
          "tests": [
            {
              "title": "Iniciar sesión con credenciales correctas",
              "fullTitle": "Ingreso en el sistema Iniciar sesión con credenciales correctas",
              "timedOut": null,
              "duration": 658,
              "state": "passed",
              "speed": "fast",
              "pass": true,
              "fail": false,
              "pending": false,
              "context": null,
              "code": "cy.request({\n  method: 'POST',\n  url: 'https://reqres.in/api/login',\n  headers: {\n    'x-api-key': 'pro_641d62af50df59490a1dfed6d12256be03bac7bb8d88e64e61668caef3f522e3'\n  },\n  body: {\n    email: \"eve.holt@reqres.in\",\n    password: \"cityslicka\"\n  }\n}).then(response => {\n  expect(response.status).to.eq(200);\n  expect(response.body).to.have.property('token');\n});",
              "err": {},
              "uuid": "9d130fa9-778e-4dce-a904-3140c1e74408",
              "parentUUID": "7b4b3c1a-23fc-4c95-8847-e8974bb2d2b7",
              "isHook": false,
              "skipped": false
            },
            {
              "title": "Iniciar sesión sin el campo contraseña",
              "fullTitle": "Ingreso en el sistema Iniciar sesión sin el campo contraseña",
              "timedOut": null,
              "duration": 250,
              "state": "passed",
              "speed": "fast",
              "pass": true,
              "fail": false,
              "pending": false,
              "context": null,
              "code": "cy.request({\n  method: 'POST',\n  url: 'https://reqres.in/api/login',\n  failOnStatusCode: false,\n  headers: {\n    'x-api-key': 'pro_641d62af50df59490a1dfed6d12256be03bac7bb8d88e64e61668caef3f522e3'\n  },\n  body: {\n    email: \"eve.holt@reqres.in\"\n  }\n}).then(response => {\n  expect(response.status).to.eq(400);\n  expect(response.body.error).to.eq(\"Missing password\");\n});",
              "err": {},
              "uuid": "e684a631-18b5-425b-8850-bf210fdda6e3",
              "parentUUID": "7b4b3c1a-23fc-4c95-8847-e8974bb2d2b7",
              "isHook": false,
              "skipped": false
            },
            {
              "title": "Iniciar sesión con usuario no existente",
              "fullTitle": "Ingreso en el sistema Iniciar sesión con usuario no existente",
              "timedOut": null,
              "duration": 242,
              "state": "passed",
              "speed": "fast",
              "pass": true,
              "fail": false,
              "pending": false,
              "context": null,
              "code": "cy.request({\n  method: 'POST',\n  url: 'https://reqres.in/api/login',\n  failOnStatusCode: false,\n  headers: {\n    'x-api-key': 'pro_641d62af50df59490a1dfed6d12256be03bac7bb8d88e64e61668caef3f522e3'\n  },\n  body: {\n    email: \"riberaguli@gmail.com\",\n    password: \"cityslicka\"\n  }\n}).then(response => {\n  expect(response.status).to.eq(400);\n  expect(response.body.error).to.eq(\"user not found\");\n});",
              "err": {},
              "uuid": "de980f39-e033-4973-aefd-2ed132fba4be",
              "parentUUID": "7b4b3c1a-23fc-4c95-8847-e8974bb2d2b7",
              "isHook": false,
              "skipped": false
            },
            {
              "title": "Iniciar sesión sin el campo email",
              "fullTitle": "Ingreso en el sistema Iniciar sesión sin el campo email",
              "timedOut": null,
              "duration": 242,
              "state": "passed",
              "speed": "fast",
              "pass": true,
              "fail": false,
              "pending": false,
              "context": null,
              "code": "cy.request({\n  method: 'POST',\n  url: 'https://reqres.in/api/login',\n  failOnStatusCode: false,\n  headers: {\n    'x-api-key': 'pro_641d62af50df59490a1dfed6d12256be03bac7bb8d88e64e61668caef3f522e3'\n  },\n  body: {\n    password: \"cityslicka\"\n  }\n}).then(response => {\n  expect(response.status).to.eq(400);\n  expect(response.body.error).to.eq(\"Missing email or username\");\n});",
              "err": {},
              "uuid": "0806def8-9825-4459-8b29-22ce8479064c",
              "parentUUID": "7b4b3c1a-23fc-4c95-8847-e8974bb2d2b7",
              "isHook": false,
              "skipped": false
            }
          ],
          "suites": [],
          "passes": [
            "9d130fa9-778e-4dce-a904-3140c1e74408",
            "e684a631-18b5-425b-8850-bf210fdda6e3",
            "de980f39-e033-4973-aefd-2ed132fba4be",
            "0806def8-9825-4459-8b29-22ce8479064c"
          ],
          "failures": [],
          "pending": [],
          "skipped": [],
          "duration": 1392,
          "root": false,
          "rootEmpty": false,
          "_timeout": 2000
        }
      ],
      "passes": [],
      "failures": [],
      "pending": [],
      "skipped": [],
      "duration": 0,
      "root": true,
      "rootEmpty": true,
      "_timeout": 2000
    }
  ],
  "meta": {
    "mocha": {
      "version": "7.2.0"
    },
    "mochawesome": {
      "options": {
        "quiet": false,
        "reportFilename": "mochawesome",
        "saveHtml": false,
        "saveJson": true,
        "consoleReporter": "spec",
        "useInlineDiffs": false,
        "code": true
      },
      "version": "7.1.4"
    },
    "marge": {
      "options": {
        "reportDir": "cypress/reports/json",
        "overwrite": true,
        "html": false,
        "json": true
      },
      "version": "6.3.2"
    }
  }
}